This is pdfTeX, Version 3.141592653-2.6-1.40.22 (TeX Live 2022/dev/Debian) (preloaded format=pdflatex 2024.5.22)  23 MAY 2024 17:30
entering extended mode
 restricted \write18 enabled.
 %&-line parsing enabled.
**\input ./openout.tex
 (./openout.tex
\ourwrite=\write3
\openout3 = `dum.dum'.


! Undefined control sequence.
l.3 \bye
        
? 
! Emergency stop.
l.3 \bye
        
End of file on the terminal!

 
Here is how much of TeX's memory you used:
 18 strings out of 478287
 408 string characters out of 5849289
 289007 words of memory out of 5000000
 18314 multiletter control sequences out of 15000+600000
 469259 words of font info for 28 fonts, out of 8000000 for 9000
 1141 hyphenation exceptions out of 8191
 12i,0n,12p,58b,10s stack positions out of 5000i,500n,10000p,200000b,80000s
!  ==> Fatal error occurred, no output PDF file produced!
